0 info it worked if it ends with ok
1 verbose cli [ '/usr/bin/node', '/usr/bin/npm', 'install', 'uglify-js', '-g' ]
2 info using npm@3.5.2
3 info using node@v8.10.0
4 silly loadCurrentTree Starting
5 silly install loadCurrentTree
6 silly install readGlobalPackageData
7 silly fetchPackageMetaData uglify-js
8 silly fetchNamedPackageData uglify-js
9 silly mapToRegistry name uglify-js
10 silly mapToRegistry using default registry
11 silly mapToRegistry registry https://registry.npmjs.org/
12 silly mapToRegistry uri https://registry.npmjs.org/uglify-js
13 verbose request uri https://registry.npmjs.org/uglify-js
14 verbose request no auth needed
15 info attempt registry request try #1 at 00:47:27
16 verbose request id d3ac2cd23a7bc89b
17 http request GET https://registry.npmjs.org/uglify-js
18 http 200 https://registry.npmjs.org/uglify-js
19 verbose headers { date: 'Fri, 13 Jul 2018 22:47:27 GMT',
19 verbose headers   'content-type': 'application/json; charset=UTF-8',
19 verbose headers   'transfer-encoding': 'chunked',
19 verbose headers   connection: 'keep-alive',
19 verbose headers   'set-cookie':
19 verbose headers    [ '__cfduid=dc4cb0960e853f077335c04ef764af27e1531522047; expires=Sat, 13-Jul-19 22:47:27 GMT; path=/; domain=.registry.npmjs.org; HttpOnly' ],
19 verbose headers   'cache-control': 'max-age=300',
19 verbose headers   'cf-cache-status': 'HIT',
19 verbose headers   'cf-ray': '439f4a9ddf2a2ad9-WAW',
19 verbose headers   etag: 'W/"3ce0769be3b81b41aee2718472a4c731"',
19 verbose headers   'expect-ct': 'max-age=604800, report-uri="https://report-uri.cloudflare.com/cdn-cgi/beacon/expect-ct"',
19 verbose headers   'last-modified': 'Mon, 09 Jul 2018 06:45:29 GMT',
19 verbose headers   vary: 'accept-encoding, accept',
19 verbose headers   server: 'cloudflare',
19 verbose headers   'content-encoding': 'gzip' }
20 silly get cb [ 200,
20 silly get   { date: 'Fri, 13 Jul 2018 22:47:27 GMT',
20 silly get     'content-type': 'application/json; charset=UTF-8',
20 silly get     'transfer-encoding': 'chunked',
20 silly get     connection: 'keep-alive',
20 silly get     'set-cookie':
20 silly get      [ '__cfduid=dc4cb0960e853f077335c04ef764af27e1531522047; expires=Sat, 13-Jul-19 22:47:27 GMT; path=/; domain=.registry.npmjs.org; HttpOnly' ],
20 silly get     'cache-control': 'max-age=300',
20 silly get     'cf-cache-status': 'HIT',
20 silly get     'cf-ray': '439f4a9ddf2a2ad9-WAW',
20 silly get     etag: 'W/"3ce0769be3b81b41aee2718472a4c731"',
20 silly get     'expect-ct': 'max-age=604800, report-uri="https://report-uri.cloudflare.com/cdn-cgi/beacon/expect-ct"',
20 silly get     'last-modified': 'Mon, 09 Jul 2018 06:45:29 GMT',
20 silly get     vary: 'accept-encoding, accept',
20 silly get     server: 'cloudflare',
20 silly get     'content-encoding': 'gzip' } ]
21 verbose get saving uglify-js to /home/binarintern/.npm/registry.npmjs.org/uglify-js/.cache.json
22 verbose makeDirectory /home/binarintern/.npm creation not in flight; initializing
23 silly makeDirectory /home/binarintern/.npm uid: 1000 gid: 1000
24 silly install normalizeTree
25 silly loadCurrentTree Finishing
26 silly loadIdealTree Starting
27 silly install loadIdealTree
28 silly cloneCurrentTree Starting
29 silly install cloneCurrentTreeToIdealTree
30 silly cloneCurrentTree Finishing
31 silly loadShrinkwrap Starting
32 silly install loadShrinkwrap
33 silly loadShrinkwrap Finishing
34 silly loadAllDepsIntoIdealTree Starting
35 silly install loadAllDepsIntoIdealTree
36 silly resolveWithNewModule uglify-js@3.4.4 checking installable status
37 silly cache add args [ 'uglify-js', null ]
38 verbose cache add spec uglify-js
39 silly cache add parsed spec Result {
39 silly cache add   raw: 'uglify-js',
39 silly cache add   scope: null,
39 silly cache add   name: 'uglify-js',
39 silly cache add   rawSpec: '',
39 silly cache add   spec: 'latest',
39 silly cache add   type: 'tag' }
40 silly addNamed uglify-js@latest
41 verbose addNamed "latest" is being treated as a dist-tag for uglify-js
42 info addNameTag [ 'uglify-js', 'latest' ]
43 silly mapToRegistry name uglify-js
44 silly mapToRegistry using default registry
45 silly mapToRegistry registry https://registry.npmjs.org/
46 silly mapToRegistry uri https://registry.npmjs.org/uglify-js
47 verbose addNameTag registry:https://registry.npmjs.org/uglify-js not in flight; fetching
48 verbose get https://registry.npmjs.org/uglify-js not expired, no request
49 silly addNameTag next cb for uglify-js with tag latest
50 silly addNamed uglify-js@3.4.4
51 verbose addNamed "3.4.4" is a plain semver version for uglify-js
52 silly mapToRegistry name uglify-js
53 silly mapToRegistry using default registry
54 silly mapToRegistry registry https://registry.npmjs.org/
55 silly mapToRegistry uri https://registry.npmjs.org/uglify-js
56 verbose addRemoteTarball https://registry.npmjs.org/uglify-js/-/uglify-js-3.4.4.tgz not in flight; adding
57 verbose addRemoteTarball [ 'https://registry.npmjs.org/uglify-js/-/uglify-js-3.4.4.tgz',
57 verbose addRemoteTarball   '92e79532a3aeffd4b6c65755bdba8d5bad98d607' ]
58 info retry fetch attempt 1 at 00:47:27
59 info attempt registry request try #1 at 00:47:27
60 http fetch GET https://registry.npmjs.org/uglify-js/-/uglify-js-3.4.4.tgz
61 http fetch 200 https://registry.npmjs.org/uglify-js/-/uglify-js-3.4.4.tgz
62 silly fetchAndShaCheck shasum 92e79532a3aeffd4b6c65755bdba8d5bad98d607
63 verbose addTmpTarball /tmp/npm-19274-78f63fd2/registry.npmjs.org/uglify-js/-/uglify-js-3.4.4.tgz not in flight; adding
64 verbose addTmpTarball already have metadata; skipping unpack for uglify-js@3.4.4
65 silly cache afterAdd uglify-js@3.4.4
66 verbose afterAdd /home/binarintern/.npm/uglify-js/3.4.4/package/package.json not in flight; writing
67 verbose afterAdd /home/binarintern/.npm/uglify-js/3.4.4/package/package.json written
68 silly fetchNamedPackageData commander
69 silly mapToRegistry name commander
70 silly mapToRegistry using default registry
71 silly mapToRegistry registry https://registry.npmjs.org/
72 silly mapToRegistry uri https://registry.npmjs.org/commander
73 silly fetchNamedPackageData source-map
74 silly mapToRegistry name source-map
75 silly mapToRegistry using default registry
76 silly mapToRegistry registry https://registry.npmjs.org/
77 silly mapToRegistry uri https://registry.npmjs.org/source-map
78 verbose request uri https://registry.npmjs.org/commander
79 verbose request no auth needed
80 info attempt registry request try #1 at 00:47:28
81 http request GET https://registry.npmjs.org/commander
82 verbose request uri https://registry.npmjs.org/source-map
83 verbose request no auth needed
84 info attempt registry request try #1 at 00:47:28
85 http request GET https://registry.npmjs.org/source-map
86 http 200 https://registry.npmjs.org/commander
87 verbose headers { date: 'Fri, 13 Jul 2018 22:47:28 GMT',
87 verbose headers   'content-type': 'application/json; charset=UTF-8',
87 verbose headers   'transfer-encoding': 'chunked',
87 verbose headers   connection: 'keep-alive',
87 verbose headers   'set-cookie':
87 verbose headers    [ '__cfduid=d9b594f4532143435bf8c335dd6cb581a1531522048; expires=Sat, 13-Jul-19 22:47:28 GMT; path=/; domain=.registry.npmjs.org; HttpOnly' ],
87 verbose headers   'cache-control': 'max-age=300',
87 verbose headers   'cf-cache-status': 'HIT',
87 verbose headers   'cf-ray': '439f4aa209ee2ad9-WAW',
87 verbose headers   etag: 'W/"919d25644f8c1ad0237f52b989a3584e"',
87 verbose headers   'expect-ct': 'max-age=604800, report-uri="https://report-uri.cloudflare.com/cdn-cgi/beacon/expect-ct"',
87 verbose headers   'last-modified': 'Fri, 29 Jun 2018 09:40:41 GMT',
87 verbose headers   vary: 'accept-encoding, accept',
87 verbose headers   server: 'cloudflare',
87 verbose headers   'content-encoding': 'gzip' }
88 silly get cb [ 200,
88 silly get   { date: 'Fri, 13 Jul 2018 22:47:28 GMT',
88 silly get     'content-type': 'application/json; charset=UTF-8',
88 silly get     'transfer-encoding': 'chunked',
88 silly get     connection: 'keep-alive',
88 silly get     'set-cookie':
88 silly get      [ '__cfduid=d9b594f4532143435bf8c335dd6cb581a1531522048; expires=Sat, 13-Jul-19 22:47:28 GMT; path=/; domain=.registry.npmjs.org; HttpOnly' ],
88 silly get     'cache-control': 'max-age=300',
88 silly get     'cf-cache-status': 'HIT',
88 silly get     'cf-ray': '439f4aa209ee2ad9-WAW',
88 silly get     etag: 'W/"919d25644f8c1ad0237f52b989a3584e"',
88 silly get     'expect-ct': 'max-age=604800, report-uri="https://report-uri.cloudflare.com/cdn-cgi/beacon/expect-ct"',
88 silly get     'last-modified': 'Fri, 29 Jun 2018 09:40:41 GMT',
88 silly get     vary: 'accept-encoding, accept',
88 silly get     server: 'cloudflare',
88 silly get     'content-encoding': 'gzip' } ]
89 verbose get saving commander to /home/binarintern/.npm/registry.npmjs.org/commander/.cache.json
90 silly resolveWithNewModule commander@2.16.0 checking installable status
91 silly cache add args [ 'commander@~2.16.0', null ]
92 verbose cache add spec commander@~2.16.0
93 silly cache add parsed spec Result {
93 silly cache add   raw: 'commander@~2.16.0',
93 silly cache add   scope: null,
93 silly cache add   name: 'commander',
93 silly cache add   rawSpec: '~2.16.0',
93 silly cache add   spec: '>=2.16.0 <2.17.0',
93 silly cache add   type: 'range' }
94 silly addNamed commander@>=2.16.0 <2.17.0
95 verbose addNamed ">=2.16.0 <2.17.0" is a valid semver range for commander
96 silly addNameRange { name: 'commander', range: '>=2.16.0 <2.17.0', hasData: false }
97 silly mapToRegistry name commander
98 silly mapToRegistry using default registry
99 silly mapToRegistry registry https://registry.npmjs.org/
100 silly mapToRegistry uri https://registry.npmjs.org/commander
101 verbose addNameRange registry:https://registry.npmjs.org/commander not in flight; fetching
102 verbose get https://registry.npmjs.org/commander not expired, no request
103 silly addNameRange number 2 { name: 'commander', range: '>=2.16.0 <2.17.0', hasData: true }
104 silly addNameRange versions [ 'commander',
104 silly addNameRange   [ '0.0.1',
104 silly addNameRange     '0.0.3',
104 silly addNameRange     '0.0.4',
104 silly addNameRange     '0.0.5',
104 silly addNameRange     '0.1.0',
104 silly addNameRange     '0.2.0',
104 silly addNameRange     '0.2.1',
104 silly addNameRange     '0.3.0',
104 silly addNameRange     '0.3.1',
104 silly addNameRange     '0.3.2',
104 silly addNameRange     '0.3.3',
104 silly addNameRange     '0.4.0',
104 silly addNameRange     '0.4.1',
104 silly addNameRange     '0.4.2',
104 silly addNameRange     '0.4.3',
104 silly addNameRange     '0.5.0',
104 silly addNameRange     '0.5.1',
104 silly addNameRange     '0.6.0',
104 silly addNameRange     '0.6.1',
104 silly addNameRange     '0.5.2',
104 silly addNameRange     '1.0.0',
104 silly addNameRange     '1.0.1',
104 silly addNameRange     '1.0.2',
104 silly addNameRange     '1.0.3',
104 silly addNameRange     '1.0.4',
104 silly addNameRange     '1.0.5',
104 silly addNameRange     '1.1.0',
104 silly addNameRange     '1.1.1',
104 silly addNameRange     '1.2.0',
104 silly addNameRange     '1.3.0',
104 silly addNameRange     '1.3.1',
104 silly addNameRange     '1.3.2',
104 silly addNameRange     '2.0.0',
104 silly addNameRange     '2.1.0',
104 silly addNameRange     '2.2.0',
104 silly addNameRange     '2.3.0',
104 silly addNameRange     '2.4.0',
104 silly addNameRange     '2.5.0',
104 silly addNameRange     '2.5.1',
104 silly addNameRange     '2.6.0',
104 silly addNameRange     '2.7.0',
104 silly addNameRange     '2.7.1',
104 silly addNameRange     '2.8.0',
104 silly addNameRange     '2.8.1',
104 silly addNameRange     '2.9.0',
104 silly addNameRange     '2.10.0',
104 silly addNameRange     '2.11.0',
104 silly addNameRange     '2.12.0',
104 silly addNameRange     '2.12.1',
104 silly addNameRange     '2.12.2',
104 silly addNameRange     '2.13.0',
104 silly addNameRange     '2.14.0',
104 silly addNameRange     '2.14.1',
104 silly addNameRange     '2.15.0',
104 silly addNameRange     '2.15.1',
104 silly addNameRange     '2.16.0' ] ]
105 silly addNamed commander@2.16.0
106 verbose addNamed "2.16.0" is a plain semver version for commander
107 silly mapToRegistry name commander
108 silly mapToRegistry using default registry
109 silly mapToRegistry registry https://registry.npmjs.org/
110 silly mapToRegistry uri https://registry.npmjs.org/commander
111 verbose addRemoteTarball https://registry.npmjs.org/commander/-/commander-2.16.0.tgz not in flight; adding
112 verbose addRemoteTarball [ 'https://registry.npmjs.org/commander/-/commander-2.16.0.tgz',
112 verbose addRemoteTarball   'f16390593996ceb4f3eeb020b31d78528f7f8a50' ]
113 info retry fetch attempt 1 at 00:47:28
114 info attempt registry request try #1 at 00:47:28
115 http fetch GET https://registry.npmjs.org/commander/-/commander-2.16.0.tgz
116 http fetch 200 https://registry.npmjs.org/commander/-/commander-2.16.0.tgz
117 silly fetchAndShaCheck shasum f16390593996ceb4f3eeb020b31d78528f7f8a50
118 verbose addTmpTarball /tmp/npm-19274-78f63fd2/registry.npmjs.org/commander/-/commander-2.16.0.tgz not in flight; adding
119 verbose addTmpTarball already have metadata; skipping unpack for commander@2.16.0
120 http 200 https://registry.npmjs.org/source-map
121 verbose headers { date: 'Fri, 13 Jul 2018 22:47:28 GMT',
121 verbose headers   'content-type': 'application/json; charset=UTF-8',
121 verbose headers   'transfer-encoding': 'chunked',
121 verbose headers   connection: 'keep-alive',
121 verbose headers   'set-cookie':
121 verbose headers    [ '__cfduid=d4b37b5305ac39bdd79007ab07e3df9ff1531522048; expires=Sat, 13-Jul-19 22:47:28 GMT; path=/; domain=.registry.npmjs.org; HttpOnly' ],
121 verbose headers   'cache-control': 'max-age=300',
121 verbose headers   'cf-cache-status': 'HIT',
121 verbose headers   'cf-ray': '439f4aa2d9806b01-WAW',
121 verbose headers   etag: 'W/"31c8b927bfa1debe94bbe8a86437537d"',
121 verbose headers   'expect-ct': 'max-age=604800, report-uri="https://report-uri.cloudflare.com/cdn-cgi/beacon/expect-ct"',
121 verbose headers   'last-modified': 'Mon, 25 Jun 2018 19:24:06 GMT',
121 verbose headers   vary: 'accept-encoding, accept',
121 verbose headers   server: 'cloudflare',
121 verbose headers   'content-encoding': 'gzip' }
122 silly get cb [ 200,
122 silly get   { date: 'Fri, 13 Jul 2018 22:47:28 GMT',
122 silly get     'content-type': 'application/json; charset=UTF-8',
122 silly get     'transfer-encoding': 'chunked',
122 silly get     connection: 'keep-alive',
122 silly get     'set-cookie':
122 silly get      [ '__cfduid=d4b37b5305ac39bdd79007ab07e3df9ff1531522048; expires=Sat, 13-Jul-19 22:47:28 GMT; path=/; domain=.registry.npmjs.org; HttpOnly' ],
122 silly get     'cache-control': 'max-age=300',
122 silly get     'cf-cache-status': 'HIT',
122 silly get     'cf-ray': '439f4aa2d9806b01-WAW',
122 silly get     etag: 'W/"31c8b927bfa1debe94bbe8a86437537d"',
122 silly get     'expect-ct': 'max-age=604800, report-uri="https://report-uri.cloudflare.com/cdn-cgi/beacon/expect-ct"',
122 silly get     'last-modified': 'Mon, 25 Jun 2018 19:24:06 GMT',
122 silly get     vary: 'accept-encoding, accept',
122 silly get     server: 'cloudflare',
122 silly get     'content-encoding': 'gzip' } ]
123 verbose get saving source-map to /home/binarintern/.npm/registry.npmjs.org/source-map/.cache.json
124 silly resolveWithNewModule source-map@0.6.1 checking installable status
125 silly cache add args [ 'source-map@~0.6.1', null ]
126 verbose cache add spec source-map@~0.6.1
127 silly cache add parsed spec Result {
127 silly cache add   raw: 'source-map@~0.6.1',
127 silly cache add   scope: null,
127 silly cache add   name: 'source-map',
127 silly cache add   rawSpec: '~0.6.1',
127 silly cache add   spec: '>=0.6.1 <0.7.0',
127 silly cache add   type: 'range' }
128 silly addNamed source-map@>=0.6.1 <0.7.0
129 verbose addNamed ">=0.6.1 <0.7.0" is a valid semver range for source-map
130 silly addNameRange { name: 'source-map', range: '>=0.6.1 <0.7.0', hasData: false }
131 silly mapToRegistry name source-map
132 silly mapToRegistry using default registry
133 silly mapToRegistry registry https://registry.npmjs.org/
134 silly mapToRegistry uri https://registry.npmjs.org/source-map
135 verbose addNameRange registry:https://registry.npmjs.org/source-map not in flight; fetching
136 silly cache afterAdd commander@2.16.0
137 verbose afterAdd /home/binarintern/.npm/commander/2.16.0/package/package.json not in flight; writing
138 verbose get https://registry.npmjs.org/source-map not expired, no request
139 silly addNameRange number 2 { name: 'source-map', range: '>=0.6.1 <0.7.0', hasData: true }
140 silly addNameRange versions [ 'source-map',
140 silly addNameRange   [ '0.0.0',
140 silly addNameRange     '0.1.0',
140 silly addNameRange     '0.1.1',
140 silly addNameRange     '0.1.2',
140 silly addNameRange     '0.1.3',
140 silly addNameRange     '0.1.4',
140 silly addNameRange     '0.1.5',
140 silly addNameRange     '0.1.6',
140 silly addNameRange     '0.1.7',
140 silly addNameRange     '0.1.8',
140 silly addNameRange     '0.1.9',
140 silly addNameRange     '0.1.10',
140 silly addNameRange     '0.1.11',
140 silly addNameRange     '0.1.12',
140 silly addNameRange     '0.1.13',
140 silly addNameRange     '0.1.14',
140 silly addNameRange     '0.1.15',
140 silly addNameRange     '0.1.16',
140 silly addNameRange     '0.1.17',
140 silly addNameRange     '0.1.18',
140 silly addNameRange     '0.1.19',
140 silly addNameRange     '0.1.20',
140 silly addNameRange     '0.1.21',
140 silly addNameRange     '0.1.22',
140 silly addNameRange     '0.1.23',
140 silly addNameRange     '0.1.24',
140 silly addNameRange     '0.1.25',
140 silly addNameRange     '0.1.26',
140 silly addNameRange     '0.1.27',
140 silly addNameRange     '0.1.28',
140 silly addNameRange     '0.1.29',
140 silly addNameRange     '0.1.30',
140 silly addNameRange     '0.1.31',
140 silly addNameRange     '0.1.32',
140 silly addNameRange     '0.1.33',
140 silly addNameRange     '0.1.34',
140 silly addNameRange     '0.1.35',
140 silly addNameRange     '0.1.36',
140 silly addNameRange     '0.1.37',
140 silly addNameRange     '0.1.38',
140 silly addNameRange     '0.1.39',
140 silly addNameRange     '0.1.40',
140 silly addNameRange     '0.1.41',
140 silly addNameRange     '0.1.42',
140 silly addNameRange     '0.1.43',
140 silly addNameRange     '0.2.0',
140 silly addNameRange     '0.3.0',
140 silly addNameRange     '0.4.0',
140 silly addNameRange     '0.4.1',
140 silly addNameRange     '0.4.2',
140 silly addNameRange     '0.4.3',
140 silly addNameRange     '0.4.4',
140 silly addNameRange     '0.5.0',
140 silly addNameRange     '0.5.1',
140 silly addNameRange     '0.5.2',
140 silly addNameRange     '0.5.3',
140 silly addNameRange     '0.5.4',
140 silly addNameRange     '0.5.5',
140 silly addNameRange     '0.5.6',
140 silly addNameRange     '0.5.7',
140 silly addNameRange     '0.6.0',
140 silly addNameRange     '0.6.1',
140 silly addNameRange     '0.7.0',
140 silly addNameRange     '0.7.1',
140 silly addNameRange     '0.7.2',
140 silly addNameRange     '0.7.3' ] ]
141 silly addNamed source-map@0.6.1
142 verbose addNamed "0.6.1" is a plain semver version for source-map
143 silly mapToRegistry name source-map
144 silly mapToRegistry using default registry
145 silly mapToRegistry registry https://registry.npmjs.org/
146 silly mapToRegistry uri https://registry.npmjs.org/source-map
147 verbose addRemoteTarball https://registry.npmjs.org/source-map/-/source-map-0.6.1.tgz not in flight; adding
148 verbose addRemoteTarball [ 'https://registry.npmjs.org/source-map/-/source-map-0.6.1.tgz',
148 verbose addRemoteTarball   '74722af32e9614e9c287a8d0bbde48b5e2f1a263' ]
149 verbose afterAdd /home/binarintern/.npm/commander/2.16.0/package/package.json written
150 info retry fetch attempt 1 at 00:47:28
151 info attempt registry request try #1 at 00:47:28
152 http fetch GET https://registry.npmjs.org/source-map/-/source-map-0.6.1.tgz
153 http fetch 200 https://registry.npmjs.org/source-map/-/source-map-0.6.1.tgz
154 silly fetchAndShaCheck shasum 74722af32e9614e9c287a8d0bbde48b5e2f1a263
155 verbose addTmpTarball /tmp/npm-19274-78f63fd2/registry.npmjs.org/source-map/-/source-map-0.6.1.tgz not in flight; adding
156 verbose addTmpTarball already have metadata; skipping unpack for source-map@0.6.1
157 silly cache afterAdd source-map@0.6.1
158 verbose afterAdd /home/binarintern/.npm/source-map/0.6.1/package/package.json not in flight; writing
159 verbose afterAdd /home/binarintern/.npm/source-map/0.6.1/package/package.json written
160 silly loadAllDepsIntoIdealTree Finishing
161 silly idealTree:prePrune lib
161 silly idealTree:prePrune └─┬ uglify-js@3.4.4
161 silly idealTree:prePrune   ├── commander@2.16.0
161 silly idealTree:prePrune   └── source-map@0.6.1
162 silly loadIdealTree Finishing
163 silly currentTree lib
164 silly idealTree lib
164 silly idealTree └─┬ uglify-js@3.4.4
164 silly idealTree   ├── commander@2.16.0
164 silly idealTree   └── source-map@0.6.1
165 silly generateActionsToTake Starting
166 silly install generateActionsToTake
167 warn checkPermissions Missing write access to /usr/local/lib
168 silly rollbackFailedOptional Starting
169 silly rollbackFailedOptional Finishing
170 silly runTopLevelLifecycles Starting
171 silly runTopLevelLifecycles Finishing
172 silly install printInstalled
173 verbose stack Error: EACCES: permission denied, access '/usr/local/lib'
174 verbose cwd /home/binarintern/RoR/aplikacja/testblog
175 error Linux 4.15.0-24-generic
176 error argv "/usr/bin/node" "/usr/bin/npm" "install" "uglify-js" "-g"
177 error node v8.10.0
178 error npm  v3.5.2
179 error path /usr/local/lib
180 error code EACCES
181 error errno -13
182 error syscall access
183 error Error: EACCES: permission denied, access '/usr/local/lib'
183 error  { Error: EACCES: permission denied, access '/usr/local/lib'
183 error   errno: -13,
183 error   code: 'EACCES',
183 error   syscall: 'access',
183 error   path: '/usr/local/lib' }
184 error Please try running this command again as root/Administrator.
185 verbose exit [ -13, true ]
